{"/Users/hryer/Code/monorepo/packages/shared/src/index.js": {"path":"/Users/hryer/Code/monorepo/packages/shared/src/index.js","statementMap":{"0":{"start":{"line":3,"column":15},"end":{"line":9,"column":1}},"1":{"start":{"line":4,"column":2},"end":{"line":8,"column":8}}},"fnMap":{"0":{"name":"(anonymous_0)","decl":{"start":{"line":3,"column":15},"end":{"line":3,"column":16}},"loc":{"start":{"line":4,"column":2},"end":{"line":8,"column":8}},"line":4}},"branchMap":{"0":{"loc":{"start":{"line":3,"column":18},"end":{"line":3,"column":33}},"type":"default-arg","locations":[{"start":{"line":3,"column":25},"end":{"line":3,"column":33}}],"line":3}},"s":{"0":1,"1":4},"f":{"0":4},"b":{"0":[4]},"_coverageSchema":"43e27e138ebf9cfc5966b082cf9a028302ed4184","hash":"7c3b75e053ed599440806144e5f59e0c2703c9d0"}
}
